[+] Containers:
 |- [+] Container: /Game/TopDown/Maps/DeckBuilding_Level
 |   |- [+] ActorDescs:
 |   |   |- Guid:00659194453E07C462889A80048005A3 BaseClass: NativeClass:/Script/Engine.StaticMeshActor Name:StaticMeshActor_UAID_507C6F563F88D7E401_1805261768 Label:CHAOS_shape2 SpatiallyLoaded:1 Bounds:IsValid=true, Min=(X=790.000 Y=3632.447 Z=0.000), Max=(X=890.000 Y=3727.553 Z=200.000) RuntimeGrid:None EditorOnly:0 RuntimeOnly:0 HLODRelevant:1
 |   |   |- Guid:0552A0D64EBBCF4755FD45B010D99D40 BaseClass: NativeClass:/Script/Engine.StaticMeshActor Name:StaticMeshActor_44 Label:SM_ChamferCube3 SpatiallyLoaded:1 Bounds:IsValid=true, Min=(X=711.512 Y=8194.945 Z=100.063), Max=(X=848.115 Y=8331.548 Z=200.063) RuntimeGrid:None EditorOnly:0 RuntimeOnly:0 HLODRelevant:0
 |   |   |- Guid:06393A1A46ECFCAD152D03A0A1170174 BaseClass: NativeClass:/Script/Engine.StaticMeshActor Name:StaticMeshActor_35 Label:SM_Cylinder5 SpatiallyLoaded:1 Bounds:IsValid=true, Min=(X=1800.000 Y=850.000 Z=0.000), Max=(X=1900.000 Y=950.000 Z=500.000) RuntimeGrid:None EditorOnly:0 RuntimeOnly:0 HLODRelevant:1 FolderPath:Pillars FolderGuid:BB8AF4C246C38D173850E8B115A3DCFE
 |   |   |- Guid:08D5049442BBF758056F78A931BFF1C7 BaseClass: NativeClass:/Script/Engine.StaticMeshActor Name:StaticMeshActor_UAID_04D9F5833B0D68F801_1565028359 Label:SM_Cube14 SpatiallyLoaded:1 Bounds:IsValid=true, Min=(X=540.000 Y=1840.000 Z=0.000), Max=(X=640.000 Y=3340.000 Z=800.000) RuntimeGrid:None EditorOnly:0 RuntimeOnly:0 HLODRelevant:1 FolderPath:Playground FolderGuid:9FE5E8B349AF71F05F2688921F3F2AC5
 |   |   |- Guid:17F519884D018D03BAB2F4830BC993E6 BaseClass: NativeClass:/Script/Engine.StaticMeshActor Name:StaticMeshActor_66 Label:SM_Cylinder15 SpatiallyLoaded:1 Bounds:IsValid=true, Min=(X=2600.000 Y=850.000 Z=0.000), Max=(X=2700.000 Y=950.000 Z=500.000) RuntimeGrid:None EditorOnly:0 RuntimeOnly:0 HLODRelevant:1 FolderPath:Pillars FolderGuid:BB8AF4C246C38D173850E8B115A3DCFE
 |   |   |- Guid:185E29D34697F7FF2E08BB964E16CF8F BaseClass: NativeClass:/Script/Engine.StaticMeshActor Name:StaticMeshActor_UAID_04D9F5833B0D67F801_1635265176 Label:SM_Cylinder12 SpatiallyLoaded:1 Bounds:IsValid=true, Min=(X=1400.000 Y=1200.000 Z=0.000), Max=(X=1500.000 Y=1300.000 Z=500.000) RuntimeGrid:None EditorOnly:0 RuntimeOnly:0 HLODRelevant:1 FolderPath:Pillars FolderGuid:BB8AF4C246C38D173850E8B115A3DCFE
 |   |   |- Guid:1D718F5A4AE3AACA2255D28C6A9118F6 BaseClass: NativeClass:/Script/Engine.StaticMeshActor Name:StaticMeshActor_42 Label:SM_ChamferCube SpatiallyLoaded:1 Bounds:IsValid=true, Min=(X=761.762 Y=8223.712 Z=0.063), Max=(X=902.646 Y=8364.595 Z=100.063) RuntimeGrid:None EditorOnly:0 RuntimeOnly:0 HLODRelevant:0
 |   |   |- Guid:1FC156084B25C89334BEC890E82898DB BaseClass: NativeClass:/Script/NavigationSystem.NavMeshBoundsVolume Name:NavMeshBoundsVolume_UAID_04D9F5833B0D7AD501_1831838559 Label:NavMeshBoundsVolume2 SpatiallyLoaded:0 Bounds:IsValid=true, Min=(X=-5070.000 Y=-5125.000 Z=-1560.000), Max=(X=4930.000 Y=5125.000 Z=1540.000) RuntimeGrid:None EditorOnly:0 RuntimeOnly:0 HLODRelevant:0
 |   |   |- Guid:237C211A4F2E211C523749AF603CE101 BaseClass: NativeClass:/Script/Engine.StaticMeshActor Name:StaticMeshActor_UAID_04D9F5833B0D97E301_1580155448 Label:GOOD_shape_Cone SpatiallyLoaded:1 Bounds:IsValid=true, Min=(X=1370.000 Y=3310.000 Z=0.000), Max=(X=1470.000 Y=3410.000 Z=200.000) RuntimeGrid:None EditorOnly:0 RuntimeOnly:0 HLODRelevant:1
 |   |   |- Guid:255A827E44AF7DE95ADF9187482AE5BB BaseClass: NativeClass:/Script/Engine.StaticMeshActor Name:StaticMeshActor_65 Label:SM_ChamferCube5 SpatiallyLoaded:1 Bounds:IsValid=true, Min=(X=2419.765 Y=6760.593 Z=0.063), Max=(X=2547.936 Y=6888.765 Z=100.063) RuntimeGrid:None EditorOnly:0 RuntimeOnly:0 HLODRelevant:0
 |   |   |- Guid:2AB21DCC460F3AAA8C7B7DB1D97CC545 BaseClass: NativeClass:/Script/Engine.StaticMeshActor Name:StaticMeshActor_24 Label:SM_Cube7 SpatiallyLoaded:1 Bounds:IsValid=true, Min=(X=2400.000 Y=5870.000 Z=0.000), Max=(X=2500.000 Y=6270.000 Z=200.000) RuntimeGrid:None EditorOnly:0 RuntimeOnly:0 HLODRelevant:1 FolderPath:Block01 FolderGuid:4C556963462B5D49496AD286A4690C47
 |   |   |- Guid:2ABF4D9149BA9764A4D0148C60EF3B9F BaseClass: NativeClass:/Script/Engine.StaticMeshActor Name:StaticMeshActor_UAID_507C6F563F88D7E401_1822175774 Label:EVIL_shape3 SpatiallyLoaded:1 Bounds:IsValid=true, Min=(X=630.000 Y=3436.699 Z=0.000), Max=(X=730.000 Y=3523.301 Z=200.000) RuntimeGrid:None EditorOnly:0 RuntimeOnly:0 HLODRelevant:1
 |   |   |- Guid:2C2F39FB4A5569B0B4FBE2A78B4ADF71 BaseClass: NativeClass:/Script/Engine.StaticMeshActor Name:StaticMeshActor_21 Label:SM_Ramp2 SpatiallyLoaded:1 Bounds:IsValid=true, Min=(X=1400.000 Y=5970.000 Z=0.000), Max=(X=1600.000 Y=6370.000 Z=100.000) RuntimeGrid:None EditorOnly:0 RuntimeOnly:0 HLODRelevant:1 FolderPath:Block01 FolderGuid:4C556963462B5D49496AD286A4690C47
 |   |   |- Guid:2DDB686B4A6F9C340ECBCDB1E19A7507 BaseClass: NativeClass:/Script/Engine.StaticMeshActor Name:StaticMeshActor_UAID_04D9F5833B0D68F801_1309159356 Label:SM_Cube12 SpatiallyLoaded:1 Bounds:IsValid=true, Min=(X=535.000 Y=1840.000 Z=0.000), Max=(X=3260.000 Y=3940.000 Z=800.000) RuntimeGrid:None EditorOnly:0 RuntimeOnly:0 HLODRelevant:1 FolderPath:Playground FolderGuid:9FE5E8B349AF71F05F2688921F3F2AC5
 |   |   |- Guid:317F70D548B8DB455F50F0A9F9892013 BaseClass: NativeClass:/Script/Engine.StaticMeshActor Name:StaticMeshActor_UAID_507C6F563F88D7E401_1805264770 Label:EVIL_shape2 SpatiallyLoaded:1 Bounds:IsValid=true, Min=(X=790.000 Y=3436.699 Z=0.000), Max=(X=890.000 Y=3523.301 Z=200.000) RuntimeGrid:None EditorOnly:0 RuntimeOnly:0 HLODRelevant:1
 |   |   |- Guid:373496F2495EBDD2C70914934140B6C4 BaseClass: NativeClass:/Script/Engine.StaticMeshActor Name:StaticMeshActor_UAID_507C6F563F88D7E401_1805262769 Label:GOOD_shape_Cone2 SpatiallyLoaded:1 Bounds:IsValid=true, Min=(X=790.000 Y=3310.000 Z=0.000), Max=(X=890.000 Y=3410.000 Z=200.000) RuntimeGrid:None EditorOnly:0 RuntimeOnly:0 HLODRelevant:1
 |   |   |- Guid:41324D694CAF4D4347D7418705A70618 BaseClass: NativeClass:/Script/Engine.StaticMeshActor Name:StaticMeshActor_23 Label:SM_Cube6 SpatiallyLoaded:1 Bounds:IsValid=true, Min=(X=3160.000 Y=-50.000 Z=0.000), Max=(X=3260.000 Y=1850.000 Z=800.000) RuntimeGrid:None EditorOnly:0 RuntimeOnly:0 HLODRelevant:1 FolderPath:Playground FolderGuid:9FE5E8B349AF71F05F2688921F3F2AC5
 |   |   |- Guid:42EA99ED49DBBBACBFD367A0C57A469A BaseClass: NativeClass:/Script/Engine.StaticMeshActor Name:StaticMeshActor_25 Label:SM_Cube9 SpatiallyLoaded:1 Bounds:IsValid=true, Min=(X=1400.000 Y=5770.000 Z=0.000), Max=(X=2400.000 Y=5970.000 Z=100.000) RuntimeGrid:None EditorOnly:0 RuntimeOnly:0 HLODRelevant:1 FolderPath:Block01 FolderGuid:4C556963462B5D49496AD286A4690C47
 |   |   |- Guid:5FFA21EA428270534520C181205FF960 BaseClass: NativeClass:/Script/Engine.StaticMeshActor Name:StaticMeshActor_17 Label:SM_Cube SpatiallyLoaded:1 Bounds:IsValid=true, Min=(X=0.000 Y=5370.000 Z=-50.000), Max=(X=3000.000 Y=8870.000 Z=0.000) RuntimeGrid:None EditorOnly:0 RuntimeOnly:0 HLODRelevant:1 FolderPath:Playground FolderGuid:9FE5E8B349AF71F05F2688921F3F2AC5
 |   |   |- Guid:61944C9D4F93606F72C5E781476778CE BaseClass: NativeClass:/Script/Engine.StaticMeshActor Name:StaticMeshActor_UAID_04D9F5833B0D68F801_1276900355 Label:SM_Cube11 SpatiallyLoaded:1 Bounds:IsValid=true, Min=(X=535.000 Y=-2965.000 Z=0.000), Max=(X=3260.000 Y=-40.000 Z=800.000) RuntimeGrid:None EditorOnly:0 RuntimeOnly:0 HLODRelevant:1 FolderPath:Playground FolderGuid:9FE5E8B349AF71F05F2688921F3F2AC5
 |   |   |- Guid:6631BD7642D66C50F0EAD49BB6212B61 BaseClass: NativeClass:/Script/Engine.StaticMeshActor Name:StaticMeshActor_19 Label:SM_Cube3 SpatiallyLoaded:1 Bounds:IsValid=true, Min=(X=0.000 Y=8770.000 Z=0.000), Max=(X=3000.000 Y=8870.000 Z=400.000) RuntimeGrid:None EditorOnly:0 RuntimeOnly:0 HLODRelevant:1 FolderPath:Playground FolderGuid:9FE5E8B349AF71F05F2688921F3F2AC5
 |   |   |- Guid:664B3D3A4814AF6AED467D891880EFB7 BaseClass: NativeClass:/Script/Engine.StaticMeshActor Name:StaticMeshActor_UAID_A4BB6D9AB6F4FCE101_2010696113 Label:Sphere SpatiallyLoaded:1 Bounds:IsValid=true, Min=(X=310.000 Y=3440.000 Z=100.000), Max=(X=410.000 Y=3540.000 Z=200.000) RuntimeGrid:None EditorOnly:0 RuntimeOnly:0 HLODRelevant:1
 |   |   |- Guid:6A0DD1814A98B093CFD4F38D5EA18F74 BaseClass: NativeClass:/Script/Engine.StaticMeshActor Name:StaticMeshActor_UAID_04D9F5833B0D68F801_1797986362 Label:SM_Cube17 SpatiallyLoaded:1 Bounds:IsValid=true, Min=(X=-3175.000 Y=-1640.000 Z=0.000), Max=(X=-2000.000 Y=3435.000 Z=800.000) RuntimeGrid:None EditorOnly:0 RuntimeOnly:0 HLODRelevant:1 FolderPath:Playground FolderGuid:9FE5E8B349AF71F05F2688921F3F2AC5
 |   |   |- Guid:6A44B0BD49C603D6844CC99EBC608336 BaseClass: NativeClass:/Script/Engine.StaticMeshActor Name:StaticMeshActor_UAID_507C6F563F88D7E401_1822173773 Label:GOOD_shape_Cone3 SpatiallyLoaded:1 Bounds:IsValid=true, Min=(X=630.000 Y=3310.000 Z=0.000), Max=(X=730.000 Y=3410.000 Z=200.000) RuntimeGrid:None EditorOnly:0 RuntimeOnly:0 HLODRelevant:1
 |   |   |- Guid:6C46E907458890CEE47B9BB5990DEE7E BaseClass:/Game/CardStuff/AI_UNITS/BP_AI_MANAGER.BP_AI_MANAGER_C NativeClass:/Script/Engine.Actor Name:BP_AI_MANAGER_C_UAID_04D9F5833B0D5AF801_1585566887 Label:BP_AI_MANAGER SpatiallyLoaded:1 Bounds:IsValid=true, Min=(X=860.000 Y=940.000 Z=300.000), Max=(X=860.000 Y=940.000 Z=300.000) RuntimeGrid:None EditorOnly:0 RuntimeOnly:0 HLODRelevant:0
 |   |   |- Guid:6D210F0C4A0FD99ABA6E4C8A0EBB3A47 BaseClass: NativeClass:/Script/Engine.StaticMeshActor Name:StaticMeshActor_UAID_507C6F563F88D7E401_1822171772 Label:CHAOS_shape3 SpatiallyLoaded:1 Bounds:IsValid=true, Min=(X=630.000 Y=3632.447 Z=0.000), Max=(X=730.000 Y=3727.553 Z=200.000) RuntimeGrid:None EditorOnly:0 RuntimeOnly:0 HLODRelevant:1
 |   |   |- Guid:6EB4A31A4B975F059678A197B9AD351D BaseClass: NativeClass:/Script/Engine.PostProcessVolume Name:PostProcessVolume_1 Label:PostProcessVolume SpatiallyLoaded:0 Bounds:IsValid=true, Min=(X=0.000 Y=5370.000 Z=400.000), Max=(X=200.000 Y=5570.000 Z=600.000) RuntimeGrid:None EditorOnly:0 RuntimeOnly:0 HLODRelevant:0 FolderPath:Lighting FolderGuid:4C9334684BA61B42C769F799D2576455
 |   |   |- Guid:7193BC8249976AB6FEAD498FBCBE6E02 BaseClass: NativeClass:/Script/Engine.StaticMeshActor Name:StaticMeshActor_34 Label:SM_Cylinder4 SpatiallyLoaded:1 Bounds:IsValid=true, Min=(X=2200.000 Y=500.000 Z=0.000), Max=(X=2300.000 Y=600.000 Z=500.000) RuntimeGrid:None EditorOnly:0 RuntimeOnly:0 HLODRelevant:1 FolderPath:Pillars FolderGuid:BB8AF4C246C38D173850E8B115A3DCFE
 |   |   |- Guid:72B42D0841A79F37D8B9C5BDC0F767DF BaseClass: NativeClass:/Script/Engine.StaticMeshActor Name:StaticMeshActor_UAID_04D9F5833B0D99E301_1475095803 Label:CHAOS_shape SpatiallyLoaded:1 Bounds:IsValid=true, Min=(X=950.000 Y=3632.447 Z=0.000), Max=(X=1050.000 Y=3727.553 Z=200.000) RuntimeGrid:None EditorOnly:0 RuntimeOnly:0 HLODRelevant:1
 |   |   |- Guid:7660E5A646BEA381E5167DB2E8D57ED4 BaseClass: NativeClass:/Script/Engine.StaticMeshActor Name:StaticMeshActor_29 Label:SM_QuarterCylinder6 SpatiallyLoaded:1 Bounds:IsValid=true, Min=(X=2400.000 Y=6270.000 Z=0.000), Max=(X=2500.000 Y=6370.000 Z=200.000) RuntimeGrid:None EditorOnly:0 RuntimeOnly:0 HLODRelevant:1 FolderPath:Block01 FolderGuid:4C556963462B5D49496AD286A4690C47
 |   |   |- Guid:7B06F0EC4455ECD69D4B5DA00A1BB105 BaseClass: NativeClass:/Script/Engine.WorldDataLayers Name:WorldDataLayers Label:WorldDataLayers SpatiallyLoaded:0 Bounds:IsValid=true, Min=(X=0.000 Y=0.000 Z=0.000), Max=(X=0.000 Y=0.000 Z=0.000) RuntimeGrid:None EditorOnly:0 RuntimeOnly:0 HLODRelevant:0
 |   |   |- Guid:7B4AD616401C8829B3E115A71A31F954 BaseClass: NativeClass:/Script/Engine.StaticMeshActor Name:StaticMeshActor_UAID_04D9F5833B0D67F801_1703804177 Label:SM_Cylinder16 SpatiallyLoaded:1 Bounds:IsValid=true, Min=(X=1000.000 Y=850.000 Z=0.000), Max=(X=1100.000 Y=950.000 Z=500.000) RuntimeGrid:None EditorOnly:0 RuntimeOnly:0 HLODRelevant:1 FolderPath:Pillars FolderGuid:BB8AF4C246C38D173850E8B115A3DCFE
 |   |   |- Guid:846035C0499AAA51ADA667827F0837F0 BaseClass: NativeClass:/Script/Engine.StaticMeshActor Name:StaticMeshActor_22 Label:SM_Cube5 SpatiallyLoaded:1 Bounds:IsValid=true, Min=(X=-0.000 Y=5470.000 Z=0.000), Max=(X=100.000 Y=8770.000 Z=400.000) RuntimeGrid:None EditorOnly:0 RuntimeOnly:0 HLODRelevant:1 FolderPath:Playground FolderGuid:9FE5E8B349AF71F05F2688921F3F2AC5
 |   |   |- Guid:8935EC264A763063A28E65914D6B2102 BaseClass: NativeClass:/Script/Engine.ExponentialHeightFog Name:ExponentialHeightFog_1 Label:ExponentialHeightFog SpatiallyLoaded:0 Bounds:IsValid=true, Min=(X=-5600.000 Y=5320.000 Z=-6850.000), Max=(X=-5600.000 Y=5320.000 Z=-6850.000) RuntimeGrid:None EditorOnly:0 RuntimeOnly:0 HLODRelevant:0 FolderPath:Lighting FolderGuid:4C9334684BA61B42C769F799D2576455
 |   |   |- Guid:8EB61E3A42EA4BDC49F624AF97F81B66 BaseClass: NativeClass:/Script/Engine.StaticMeshActor Name:StaticMeshActor_27 Label:SM_Cube10 SpatiallyLoaded:1 Bounds:IsValid=true, Min=(X=1900.000 Y=5770.000 Z=100.000), Max=(X=2400.000 Y=5970.000 Z=200.000) RuntimeGrid:None EditorOnly:0 RuntimeOnly:0 HLODRelevant:1 FolderPath:Block01 FolderGuid:4C556963462B5D49496AD286A4690C47
 |   |   |- Guid:8F6F9A7146ABC59F5FDEFCBF51650BE9 BaseClass: NativeClass:/Script/Engine.StaticMeshActor Name:StaticMeshActor_UAID_507C6F563F88D7E401_1822168771 Label:ORDER_shape3 SpatiallyLoaded:1 Bounds:IsValid=true, Min=(X=644.645 Y=3544.645 Z=0.000), Max=(X=715.355 Y=3615.355 Z=200.000) RuntimeGrid:None EditorOnly:0 RuntimeOnly:0 HLODRelevant:1
 |   |   |- Guid:9070C9834AB867E1817C9F864840890F BaseClass: NativeClass:/Script/Engine.SkyAtmosphere Name:SkyAtmosphere_1 Label:SkyAtmosphere SpatiallyLoaded:0 Bounds:IsValid=true, Min=(X=0.000 Y=5370.000 Z=1020.000), Max=(X=0.000 Y=5370.000 Z=1020.000) RuntimeGrid:None EditorOnly:0 RuntimeOnly:0 HLODRelevant:0 FolderPath:Lighting FolderGuid:4C9334684BA61B42C769F799D2576455
 |   |   |- Guid:93FA37574090C871FF4B70B0D3F467A4 BaseClass: NativeClass:/Script/Engine.DirectionalLight Name:DirectionalLight_1 Label:DirectionalLight SpatiallyLoaded:0 Bounds:IsValid=true, Min=(X=-4398046511104.000 Y=-4398046511104.000 Z=-4398046511104.000), Max=(X=4398046511104.000 Y=4398046511104.000 Z=4398046511104.000) RuntimeGrid:None EditorOnly:0 RuntimeOnly:0 HLODRelevant:0 FolderPath:Lighting FolderGuid:4C9334684BA61B42C769F799D2576455
 |   |   |- Guid:98BE35774A9B0FFC7D0B38B094B48848 BaseClass: NativeClass:/Script/Engine.VolumetricCloud Name:VolumetricCloud_0 Label:VolumetricCloud SpatiallyLoaded:0 Bounds:IsValid=true, Min=(X=0.000 Y=5370.000 Z=820.000), Max=(X=0.000 Y=5370.000 Z=820.000) RuntimeGrid:None EditorOnly:0 RuntimeOnly:0 HLODRelevant:0 FolderPath:Lighting FolderGuid:4C9334684BA61B42C769F799D2576455
 |   |   |- Guid:98E41BF04091DC610E1FB58E19E11458 BaseClass: NativeClass:/Script/Engine.StaticMeshActor Name:StaticMeshActor_UAID_04D9F5833B0D68F801_1493551357 Label:SM_Cube13 SpatiallyLoaded:1 Bounds:IsValid=true, Min=(X=530.000 Y=-1540.000 Z=0.000), Max=(X=630.000 Y=-40.000 Z=800.000) RuntimeGrid:None EditorOnly:0 RuntimeOnly:0 HLODRelevant:1 FolderPath:Playground FolderGuid:9FE5E8B349AF71F05F2688921F3F2AC5
 |   |   |- Guid:99D2DD954974CADCB2DA8C85E1A091D3 BaseClass: NativeClass:/Script/Engine.StaticMeshActor Name:StaticMeshActor_59 Label:SM_ChamferCube4 SpatiallyLoaded:1 Bounds:IsValid=true, Min=(X=663.409 Y=8154.238 Z=0.063), Max=(X=804.292 Y=8295.121 Z=100.063) RuntimeGrid:None EditorOnly:0 RuntimeOnly:0 HLODRelevant:0
 |   |   |- Guid:9A1D03194DD91159C36429BEEA33C255 BaseClass: NativeClass:/Script/Engine.PlayerStart Name:PlayerStart_0 Label:PlayerStart SpatiallyLoaded:0 Bounds:IsValid=true, Min=(X=690.000 Y=760.000 Z=8.000), Max=(X=770.000 Y=840.000 Z=192.000) RuntimeGrid:None EditorOnly:0 RuntimeOnly:0 HLODRelevant:0
 |   |   |- Guid:9DF3B33A4435F7204C61DBA608EA7A6E BaseClass: NativeClass:/Script/Engine.StaticMeshActor Name:StaticMeshActor_26 Label:SM_Ramp3 SpatiallyLoaded:1 Bounds:IsValid=true, Min=(X=1600.000 Y=5770.000 Z=100.000), Max=(X=1900.000 Y=5970.000 Z=200.000) RuntimeGrid:None EditorOnly:0 RuntimeOnly:0 HLODRelevant:1 FolderPath:Block01 FolderGuid:4C556963462B5D49496AD286A4690C47
 |   |   |- Guid:A1A0B2A244FDC5507872F38FCA98F170 BaseClass: NativeClass:/Script/Engine.StaticMeshActor Name:StaticMeshActor_40 Label:SM_Cylinder10 SpatiallyLoaded:1 Bounds:IsValid=true, Min=(X=2200.000 Y=1200.000 Z=0.000), Max=(X=2300.000 Y=1300.000 Z=500.000) RuntimeGrid:None EditorOnly:0 RuntimeOnly:0 HLODRelevant:1 FolderPath:Pillars FolderGuid:BB8AF4C246C38D173850E8B115A3DCFE
 |   |   |- Guid:A2F5F8524E5874C42B43FDB96AA8B903 BaseClass: NativeClass:/Script/Engine.TextRenderActor Name:TextRenderActor_0 Label:TextRenderActor SpatiallyLoaded:1 Bounds:IsValid=true, Min=(X=-0.100 Y=6470.000 Z=65.013), Max=(X=-0.100 Y=7595.000 Z=215.013) RuntimeGrid:None EditorOnly:0 RuntimeOnly:0 HLODRelevant:0
 |   |   |- Guid:AD9DD50E469840AD790EF4A9C9568BEE BaseClass: NativeClass:/Script/Engine.StaticMeshActor Name:StaticMeshActor_UAID_04D9F5833B0D99E301_1194282801 Label:EVIL_shape SpatiallyLoaded:1 Bounds:IsValid=true, Min=(X=950.000 Y=3436.699 Z=0.000), Max=(X=1050.000 Y=3523.301 Z=200.000) RuntimeGrid:None EditorOnly:0 RuntimeOnly:0 HLODRelevant:1
 |   |   |- Guid:B09EBEA7440AEEA1F29E8CAAAFA4DB9F BaseClass: NativeClass:/Script/Engine.SkyLight Name:SkyLight_1 Label:SkyLight SpatiallyLoaded:0 Bounds:IsValid=true, Min=(X=0.000 Y=5370.000 Z=690.000), Max=(X=0.000 Y=5370.000 Z=690.000) RuntimeGrid:None EditorOnly:0 RuntimeOnly:0 HLODRelevant:0 FolderPath:Lighting FolderGuid:4C9334684BA61B42C769F799D2576455
 |   |   |- Guid:B3644FA5431E0B6D7509C3B38B244F76 BaseClass: NativeClass:/Script/Engine.StaticMeshActor Name:StaticMeshActor_3 Label:SM_Cylinder11 SpatiallyLoaded:1 Bounds:IsValid=true, Min=(X=1350.000 Y=8320.000 Z=0.000), Max=(X=1450.000 Y=8420.000 Z=300.000) RuntimeGrid:None EditorOnly:0 RuntimeOnly:0 HLODRelevant:1 FolderPath:Pillars FolderGuid:BB8AF4C246C38D173850E8B115A3DCFE
 |   |   |- Guid:B3CA7364409AE47AA7B1FCAAC3A97FAC BaseClass: NativeClass:/Script/Engine.StaticMeshActor Name:StaticMeshActor_UAID_A4AE111137DC5CFB00_1660657071 Label:SM_SkySphere SpatiallyLoaded:1 Bounds:IsValid=true, Min=(X=-1638400.000 Y=-1633030.000 Z=-1638400.000), Max=(X=1638400.000 Y=1643770.000 Z=1638400.000) RuntimeGrid:None EditorOnly:0 RuntimeOnly:0 HLODRelevant:1 FolderPath:Lighting FolderGuid:4C9334684BA61B42C769F799D2576455
 |   |   |- Guid:B3FAB6154D75504538FF43B0CF4A2CA6 BaseClass: NativeClass:/Script/Engine.StaticMeshActor Name:StaticMeshActor_UAID_507C6F563ECE25B401_1329173752 Label:CubeGridToolOutput SpatiallyLoaded:1 Bounds:IsValid=true, Min=(X=-5050.000 Y=4950.000 Z=0.000), Max=(X=-5050.000 Y=4950.000 Z=0.000) RuntimeGrid:None EditorOnly:0 RuntimeOnly:0 HLODRelevant:0
 |   |   |- Guid:B4101DF742B0039C1A49D4B20545B25B BaseClass: NativeClass:/Script/Engine.StaticMeshActor Name:StaticMeshActor_UAID_04D9F5833B0D67F801_1765870178 Label:Plane SpatiallyLoaded:1 Bounds:IsValid=true, Min=(X=537.500 Y=-37.500 Z=1.000), Max=(X=3162.500 Y=1837.500 Z=1.000) RuntimeGrid:None EditorOnly:0 RuntimeOnly:0 HLODRelevant:1
 |   |   |- Guid:BEA97F254CDE2CC30F1C25A9B601616A BaseClass: NativeClass:/Script/Engine.StaticMeshActor Name:StaticMeshActor_UAID_04D9F5833B0D68F801_1743448361 Label:SM_Cube16 SpatiallyLoaded:1 Bounds:IsValid=true, Min=(X=-2085.000 Y=3340.000 Z=0.000), Max=(X=640.000 Y=3440.000 Z=800.000) RuntimeGrid:None EditorOnly:0 RuntimeOnly:0 HLODRelevant:1 FolderPath:Playground FolderGuid:9FE5E8B349AF71F05F2688921F3F2AC5
 |   |   |- Guid:C301757D485B48FB287FBBB87397E12A BaseClass: NativeClass:/Script/AIModule.NavLinkProxy Name:NavLinkProxy_3 Label:NavLinkProxy3 SpatiallyLoaded:1 Bounds:IsValid=true, Min=(X=2240.000 Y=6400.000 Z=90.000), Max=(X=2240.000 Y=6400.000 Z=90.000) RuntimeGrid:None EditorOnly:0 RuntimeOnly:0 HLODRelevant:0 FolderPath:Navigation FolderGuid:AE45D61F453CC144CF8289862C276E89
 |   |   |- Guid:C772EF734BF2F9EF76ABC799325ED0AC BaseClass: NativeClass:/Script/Engine.StaticMeshActor Name:StaticMeshActor_UAID_04D9F5833B0DADB301_1289416635 Label:Cube SpatiallyLoaded:1 Bounds:IsValid=true, Min=(X=-5050.000 Y=-4990.000 Z=-100.000), Max=(X=5050.000 Y=5110.000 Z=0.000) RuntimeGrid:None EditorOnly:0 RuntimeOnly:0 HLODRelevant:1
 |   |   |- Guid:D57F96FC450DEA5A3FD361A086BB151E BaseClass: NativeClass:/Script/Engine.StaticMeshActor Name:StaticMeshActor_UAID_04D9F5833B0D99E301_1209911802 Label:ORDER_shape SpatiallyLoaded:1 Bounds:IsValid=true, Min=(X=964.645 Y=3544.645 Z=0.000), Max=(X=1035.355 Y=3615.355 Z=200.000) RuntimeGrid:None EditorOnly:0 RuntimeOnly:0 HLODRelevant:1
 |   |   |- Guid:D7F91D71476CDBAA6FFC8C81818AD6AB BaseClass: NativeClass:/Script/Engine.StaticMeshActor Name:StaticMeshActor_37 Label:SM_Cylinder7 SpatiallyLoaded:1 Bounds:IsValid=true, Min=(X=1650.000 Y=7320.000 Z=0.000), Max=(X=1750.000 Y=7420.000 Z=300.000) RuntimeGrid:None EditorOnly:0 RuntimeOnly:0 HLODRelevant:1 FolderPath:Pillars FolderGuid:BB8AF4C246C38D173850E8B115A3DCFE
 |   |   |- Guid:E0AC241D4F3F8DB70441D1A4CC6B32C8 BaseClass: NativeClass:/Script/Engine.StaticMeshActor Name:StaticMeshActor_UAID_04D9F5833B0D68F801_1685523360 Label:SM_Cube15 SpatiallyLoaded:1 Bounds:IsValid=true, Min=(X=-2095.000 Y=-2890.000 Z=0.000), Max=(X=630.000 Y=-1540.000 Z=800.000) RuntimeGrid:None EditorOnly:0 RuntimeOnly:0 HLODRelevant:1 FolderPath:Playground FolderGuid:9FE5E8B349AF71F05F2688921F3F2AC5
 |   |   |- Guid:E5A2E20943D16D944DE200B3F89D7139 BaseClass: NativeClass:/Script/Engine.StaticMeshActor Name:StaticMeshActor_UAID_A4BB6D9AB6F4FCE101_2068955114 Label:Cone SpatiallyLoaded:1 Bounds:IsValid=true, Min=(X=250.000 Y=3590.000 Z=150.000), Max=(X=350.000 Y=3690.000 Z=250.000) RuntimeGrid:None EditorOnly:0 RuntimeOnly:0 HLODRelevant:1
 |   |   |- Guid:EAF6C1DC4F37C1267B96F78AB346E701 BaseClass: NativeClass:/Script/Engine.StaticMeshActor Name:StaticMeshActor_1 Label:SM_Cube8 SpatiallyLoaded:1 Bounds:IsValid=true, Min=(X=1900.000 Y=5970.000 Z=0.000), Max=(X=2000.000 Y=6270.000 Z=200.000) RuntimeGrid:None EditorOnly:0 RuntimeOnly:0 HLODRelevant:1 FolderPath:Block01 FolderGuid:4C556963462B5D49496AD286A4690C47
 |   |   |- Guid:F1426FB942747D1C0255888FF15F6747 BaseClass: NativeClass:/Script/Engine.StaticMeshActor Name:StaticMeshActor_20 Label:SM_Cube4 SpatiallyLoaded:1 Bounds:IsValid=true, Min=(X=2000.000 Y=5970.000 Z=0.000), Max=(X=2400.000 Y=6370.000 Z=200.000) RuntimeGrid:None EditorOnly:0 RuntimeOnly:0 HLODRelevant:1 FolderPath:Block01 FolderGuid:4C556963462B5D49496AD286A4690C47
 |   |   |- Guid:F5B7D35948AEB6FAE2E7E5A1FA352CA6 BaseClass: NativeClass:/Script/Engine.StaticMeshActor Name:StaticMeshActor_18 Label:SM_Cube2 SpatiallyLoaded:1 Bounds:IsValid=true, Min=(X=0.000 Y=5370.000 Z=0.000), Max=(X=3000.000 Y=5470.000 Z=400.000) RuntimeGrid:None EditorOnly:0 RuntimeOnly:0 HLODRelevant:1 FolderPath:Playground FolderGuid:9FE5E8B349AF71F05F2688921F3F2AC5
 |   |   |- Guid:F70442FE4FD1488D7819E3A59E165633 BaseClass: NativeClass:/Script/Engine.StaticMeshActor Name:StaticMeshActor_2 Label:SM_Cylinder6 SpatiallyLoaded:1 Bounds:IsValid=true, Min=(X=1400.000 Y=500.000 Z=0.000), Max=(X=1500.000 Y=600.000 Z=500.000) RuntimeGrid:None EditorOnly:0 RuntimeOnly:0 HLODRelevant:1 FolderPath:Pillars FolderGuid:BB8AF4C246C38D173850E8B115A3DCFE
 |   |   |- Guid:FC0280364F9324B601B9F0B6089C15C2 BaseClass: NativeClass:/Script/Engine.StaticMeshActor Name:StaticMeshActor_UAID_507C6F563F88D7E401_1805256767 Label:ORDER_shape2 SpatiallyLoaded:1 Bounds:IsValid=true, Min=(X=804.645 Y=3544.645 Z=0.000), Max=(X=875.355 Y=3615.355 Z=200.000) RuntimeGrid:None EditorOnly:0 RuntimeOnly:0 HLODRelevant:1
 |   |   |- Guid:FC93D89A4B2C7DB0C46C5996D7EC398E BaseClass: NativeClass:/Script/Engine.StaticMeshActor Name:StaticMeshActor_28 Label:SM_QuarterCylinder3 SpatiallyLoaded:1 Bounds:IsValid=true, Min=(X=2400.000 Y=5770.000 Z=0.000), Max=(X=2500.000 Y=5870.000 Z=200.000) RuntimeGrid:None EditorOnly:0 RuntimeOnly:0 HLODRelevant:1 FolderPath:Block01 FolderGuid:4C556963462B5D49496AD286A4690C47
 |   |   |- Guid:FE2FF2D64283FD6F7E92949B53BCF40A BaseClass: NativeClass:/Script/Engine.StaticMeshActor Name:StaticMeshActor_0 Label:SM_QuarterCylinder7 SpatiallyLoaded:1 Bounds:IsValid=true, Min=(X=1900.000 Y=6270.000 Z=0.000), Max=(X=2000.000 Y=6370.000 Z=200.000) RuntimeGrid:None EditorOnly:0 RuntimeOnly:0 HLODRelevant:1 FolderPath:Block01 FolderGuid:4C556963462B5D49496AD286A4690C47
 |   |- [+] Clusters:
 |   |   |- [+] [  0]
 |   |   |   |- Guid:7B06F0EC4455ECD69D4B5DA00A1BB105 BaseClass: NativeClass:/Script/Engine.WorldDataLayers Name:WorldDataLayers Label:WorldDataLayers SpatiallyLoaded:0 Bounds:IsValid=true, Min=(X=0.000 Y=0.000 Z=0.000), Max=(X=0.000 Y=0.000 Z=0.000) RuntimeGrid:None EditorOnly:0 RuntimeOnly:0 HLODRelevant:0
 |   |   |- [+] [  1]
 |   |   |   |- Guid:F70442FE4FD1488D7819E3A59E165633 BaseClass: NativeClass:/Script/Engine.StaticMeshActor Name:StaticMeshActor_2 Label:SM_Cylinder6 SpatiallyLoaded:1 Bounds:IsValid=true, Min=(X=1400.000 Y=500.000 Z=0.000), Max=(X=1500.000 Y=600.000 Z=500.000) RuntimeGrid:None EditorOnly:0 RuntimeOnly:0 HLODRelevant:1 FolderPath:Pillars FolderGuid:BB8AF4C246C38D173850E8B115A3DCFE
 |   |   |- [+] [  2]
 |   |   |   |- Guid:1D718F5A4AE3AACA2255D28C6A9118F6 BaseClass: NativeClass:/Script/Engine.StaticMeshActor Name:StaticMeshActor_42 Label:SM_ChamferCube SpatiallyLoaded:1 Bounds:IsValid=true, Min=(X=761.762 Y=8223.712 Z=0.063), Max=(X=902.646 Y=8364.595 Z=100.063) RuntimeGrid:None EditorOnly:0 RuntimeOnly:0 HLODRelevant:0
 |   |   |- [+] [  3]
 |   |   |   |- Guid:2ABF4D9149BA9764A4D0148C60EF3B9F BaseClass: NativeClass:/Script/Engine.StaticMeshActor Name:StaticMeshActor_UAID_507C6F563F88D7E401_1822175774 Label:EVIL_shape3 SpatiallyLoaded:1 Bounds:IsValid=true, Min=(X=630.000 Y=3436.699 Z=0.000), Max=(X=730.000 Y=3523.301 Z=200.000) RuntimeGrid:None EditorOnly:0 RuntimeOnly:0 HLODRelevant:1
 |   |   |- [+] [  4]
 |   |   |   |- Guid:B3644FA5431E0B6D7509C3B38B244F76 BaseClass: NativeClass:/Script/Engine.StaticMeshActor Name:StaticMeshActor_3 Label:SM_Cylinder11 SpatiallyLoaded:1 Bounds:IsValid=true, Min=(X=1350.000 Y=8320.000 Z=0.000), Max=(X=1450.000 Y=8420.000 Z=300.000) RuntimeGrid:None EditorOnly:0 RuntimeOnly:0 HLODRelevant:1 FolderPath:Pillars FolderGuid:BB8AF4C246C38D173850E8B115A3DCFE
 |   |   |- [+] [  5]
 |   |   |   |- Guid:9070C9834AB867E1817C9F864840890F BaseClass: NativeClass:/Script/Engine.SkyAtmosphere Name:SkyAtmosphere_1 Label:SkyAtmosphere SpatiallyLoaded:0 Bounds:IsValid=true, Min=(X=0.000 Y=5370.000 Z=1020.000), Max=(X=0.000 Y=5370.000 Z=1020.000) RuntimeGrid:None EditorOnly:0 RuntimeOnly:0 HLODRelevant:0 FolderPath:Lighting FolderGuid:4C9334684BA61B42C769F799D2576455
 |   |   |- [+] [  6]
 |   |   |   |- Guid:42EA99ED49DBBBACBFD367A0C57A469A BaseClass: NativeClass:/Script/Engine.StaticMeshActor Name:StaticMeshActor_25 Label:SM_Cube9 SpatiallyLoaded:1 Bounds:IsValid=true, Min=(X=1400.000 Y=5770.000 Z=0.000), Max=(X=2400.000 Y=5970.000 Z=100.000) RuntimeGrid:None EditorOnly:0 RuntimeOnly:0 HLODRelevant:1 FolderPath:Block01 FolderGuid:4C556963462B5D49496AD286A4690C47
 |   |   |- [+] [  7]
 |   |   |   |- Guid:93FA37574090C871FF4B70B0D3F467A4 BaseClass: NativeClass:/Script/Engine.DirectionalLight Name:DirectionalLight_1 Label:DirectionalLight SpatiallyLoaded:0 Bounds:IsValid=true, Min=(X=-4398046511104.000 Y=-4398046511104.000 Z=-4398046511104.000), Max=(X=4398046511104.000 Y=4398046511104.000 Z=4398046511104.000) RuntimeGrid:None EditorOnly:0 RuntimeOnly:0 HLODRelevant:0 FolderPath:Lighting FolderGuid:4C9334684BA61B42C769F799D2576455
 |   |   |- [+] [  8]
 |   |   |   |- Guid:17F519884D018D03BAB2F4830BC993E6 BaseClass: NativeClass:/Script/Engine.StaticMeshActor Name:StaticMeshActor_66 Label:SM_Cylinder15 SpatiallyLoaded:1 Bounds:IsValid=true, Min=(X=2600.000 Y=850.000 Z=0.000), Max=(X=2700.000 Y=950.000 Z=500.000) RuntimeGrid:None EditorOnly:0 RuntimeOnly:0 HLODRelevant:1 FolderPath:Pillars FolderGuid:BB8AF4C246C38D173850E8B115A3DCFE
 |   |   |- [+] [  9]
 |   |   |   |- Guid:8935EC264A763063A28E65914D6B2102 BaseClass: NativeClass:/Script/Engine.ExponentialHeightFog Name:ExponentialHeightFog_1 Label:ExponentialHeightFog SpatiallyLoaded:0 Bounds:IsValid=true, Min=(X=-5600.000 Y=5320.000 Z=-6850.000), Max=(X=-5600.000 Y=5320.000 Z=-6850.000) RuntimeGrid:None EditorOnly:0 RuntimeOnly:0 HLODRelevant:0 FolderPath:Lighting FolderGuid:4C9334684BA61B42C769F799D2576455
 |   |   |- [+] [ 10]
 |   |   |   |- Guid:6EB4A31A4B975F059678A197B9AD351D BaseClass: NativeClass:/Script/Engine.PostProcessVolume Name:PostProcessVolume_1 Label:PostProcessVolume SpatiallyLoaded:0 Bounds:IsValid=true, Min=(X=0.000 Y=5370.000 Z=400.000), Max=(X=200.000 Y=5570.000 Z=600.000) RuntimeGrid:None EditorOnly:0 RuntimeOnly:0 HLODRelevant:0 FolderPath:Lighting FolderGuid:4C9334684BA61B42C769F799D2576455
 |   |   |- [+] [ 11]
 |   |   |   |- Guid:06393A1A46ECFCAD152D03A0A1170174 BaseClass: NativeClass:/Script/Engine.StaticMeshActor Name:StaticMeshActor_35 Label:SM_Cylinder5 SpatiallyLoaded:1 Bounds:IsValid=true, Min=(X=1800.000 Y=850.000 Z=0.000), Max=(X=1900.000 Y=950.000 Z=500.000) RuntimeGrid:None EditorOnly:0 RuntimeOnly:0 HLODRelevant:1 FolderPath:Pillars FolderGuid:BB8AF4C246C38D173850E8B115A3DCFE
 |   |   |- [+] [ 12]
 |   |   |   |- Guid:D7F91D71476CDBAA6FFC8C81818AD6AB BaseClass: NativeClass:/Script/Engine.StaticMeshActor Name:StaticMeshActor_37 Label:SM_Cylinder7 SpatiallyLoaded:1 Bounds:IsValid=true, Min=(X=1650.000 Y=7320.000 Z=0.000), Max=(X=1750.000 Y=7420.000 Z=300.000) RuntimeGrid:None EditorOnly:0 RuntimeOnly:0 HLODRelevant:1 FolderPath:Pillars FolderGuid:BB8AF4C246C38D173850E8B115A3DCFE
 |   |   |- [+] [ 13]
 |   |   |   |- Guid:C772EF734BF2F9EF76ABC799325ED0AC BaseClass: NativeClass:/Script/Engine.StaticMeshActor Name:StaticMeshActor_UAID_04D9F5833B0DADB301_1289416635 Label:Cube SpatiallyLoaded:1 Bounds:IsValid=true, Min=(X=-5050.000 Y=-4990.000 Z=-100.000), Max=(X=5050.000 Y=5110.000 Z=0.000) RuntimeGrid:None EditorOnly:0 RuntimeOnly:0 HLODRelevant:1
 |   |   |- [+] [ 14]
 |   |   |   |- Guid:98BE35774A9B0FFC7D0B38B094B48848 BaseClass: NativeClass:/Script/Engine.VolumetricCloud Name:VolumetricCloud_0 Label:VolumetricCloud SpatiallyLoaded:0 Bounds:IsValid=true, Min=(X=0.000 Y=5370.000 Z=820.000), Max=(X=0.000 Y=5370.000 Z=820.000) RuntimeGrid:None EditorOnly:0 RuntimeOnly:0 HLODRelevant:0 FolderPath:Lighting FolderGuid:4C9334684BA61B42C769F799D2576455
 |   |   |- [+] [ 15]
 |   |   |   |- Guid:B09EBEA7440AEEA1F29E8CAAAFA4DB9F BaseClass: NativeClass:/Script/Engine.SkyLight Name:SkyLight_1 Label:SkyLight SpatiallyLoaded:0 Bounds:IsValid=true, Min=(X=0.000 Y=5370.000 Z=690.000), Max=(X=0.000 Y=5370.000 Z=690.000) RuntimeGrid:None EditorOnly:0 RuntimeOnly:0 HLODRelevant:0 FolderPath:Lighting FolderGuid:4C9334684BA61B42C769F799D2576455
 |   |   |- [+] [ 16]
 |   |   |   |- Guid:373496F2495EBDD2C70914934140B6C4 BaseClass: NativeClass:/Script/Engine.StaticMeshActor Name:StaticMeshActor_UAID_507C6F563F88D7E401_1805262769 Label:GOOD_shape_Cone2 SpatiallyLoaded:1 Bounds:IsValid=true, Min=(X=790.000 Y=3310.000 Z=0.000), Max=(X=890.000 Y=3410.000 Z=200.000) RuntimeGrid:None EditorOnly:0 RuntimeOnly:0 HLODRelevant:1
 |   |   |- [+] [ 17]
 |   |   |   |- Guid:7193BC8249976AB6FEAD498FBCBE6E02 BaseClass: NativeClass:/Script/Engine.StaticMeshActor Name:StaticMeshActor_34 Label:SM_Cylinder4 SpatiallyLoaded:1 Bounds:IsValid=true, Min=(X=2200.000 Y=500.000 Z=0.000), Max=(X=2300.000 Y=600.000 Z=500.000) RuntimeGrid:None EditorOnly:0 RuntimeOnly:0 HLODRelevant:1 FolderPath:Pillars FolderGuid:BB8AF4C246C38D173850E8B115A3DCFE
 |   |   |- [+] [ 18]
 |   |   |   |- Guid:B3FAB6154D75504538FF43B0CF4A2CA6 BaseClass: NativeClass:/Script/Engine.StaticMeshActor Name:StaticMeshActor_UAID_507C6F563ECE25B401_1329173752 Label:CubeGridToolOutput SpatiallyLoaded:1 Bounds:IsValid=true, Min=(X=-5050.000 Y=4950.000 Z=0.000), Max=(X=-5050.000 Y=4950.000 Z=0.000) RuntimeGrid:None EditorOnly:0 RuntimeOnly:0 HLODRelevant:0
 |   |   |- [+] [ 19]
 |   |   |   |- Guid:FE2FF2D64283FD6F7E92949B53BCF40A BaseClass: NativeClass:/Script/Engine.StaticMeshActor Name:StaticMeshActor_0 Label:SM_QuarterCylinder7 SpatiallyLoaded:1 Bounds:IsValid=true, Min=(X=1900.000 Y=6270.000 Z=0.000), Max=(X=2000.000 Y=6370.000 Z=200.000) RuntimeGrid:None EditorOnly:0 RuntimeOnly:0 HLODRelevant:1 FolderPath:Block01 FolderGuid:4C556963462B5D49496AD286A4690C47
 |   |   |- [+] [ 20]
 |   |   |   |- Guid:FC0280364F9324B601B9F0B6089C15C2 BaseClass: NativeClass:/Script/Engine.StaticMeshActor Name:StaticMeshActor_UAID_507C6F563F88D7E401_1805256767 Label:ORDER_shape2 SpatiallyLoaded:1 Bounds:IsValid=true, Min=(X=804.645 Y=3544.645 Z=0.000), Max=(X=875.355 Y=3615.355 Z=200.000) RuntimeGrid:None EditorOnly:0 RuntimeOnly:0 HLODRelevant:1
 |   |   |- [+] [ 21]
 |   |   |   |- Guid:00659194453E07C462889A80048005A3 BaseClass: NativeClass:/Script/Engine.StaticMeshActor Name:StaticMeshActor_UAID_507C6F563F88D7E401_1805261768 Label:CHAOS_shape2 SpatiallyLoaded:1 Bounds:IsValid=true, Min=(X=790.000 Y=3632.447 Z=0.000), Max=(X=890.000 Y=3727.553 Z=200.000) RuntimeGrid:None EditorOnly:0 RuntimeOnly:0 HLODRelevant:1
 |   |   |- [+] [ 22]
 |   |   |   |- Guid:9A1D03194DD91159C36429BEEA33C255 BaseClass: NativeClass:/Script/Engine.PlayerStart Name:PlayerStart_0 Label:PlayerStart SpatiallyLoaded:0 Bounds:IsValid=true, Min=(X=690.000 Y=760.000 Z=8.000), Max=(X=770.000 Y=840.000 Z=192.000) RuntimeGrid:None EditorOnly:0 RuntimeOnly:0 HLODRelevant:0
 |   |   |- [+] [ 23]
 |   |   |   |- Guid:B3CA7364409AE47AA7B1FCAAC3A97FAC BaseClass: NativeClass:/Script/Engine.StaticMeshActor Name:StaticMeshActor_UAID_A4AE111137DC5CFB00_1660657071 Label:SM_SkySphere SpatiallyLoaded:1 Bounds:IsValid=true, Min=(X=-1638400.000 Y=-1633030.000 Z=-1638400.000), Max=(X=1638400.000 Y=1643770.000 Z=1638400.000) RuntimeGrid:None EditorOnly:0 RuntimeOnly:0 HLODRelevant:1 FolderPath:Lighting FolderGuid:4C9334684BA61B42C769F799D2576455
 |   |   |- [+] [ 24]
 |   |   |   |- Guid:2AB21DCC460F3AAA8C7B7DB1D97CC545 BaseClass: NativeClass:/Script/Engine.StaticMeshActor Name:StaticMeshActor_24 Label:SM_Cube7 SpatiallyLoaded:1 Bounds:IsValid=true, Min=(X=2400.000 Y=5870.000 Z=0.000), Max=(X=2500.000 Y=6270.000 Z=200.000) RuntimeGrid:None EditorOnly:0 RuntimeOnly:0 HLODRelevant:1 FolderPath:Block01 FolderGuid:4C556963462B5D49496AD286A4690C47
 |   |   |- [+] [ 25]
 |   |   |   |- Guid:A2F5F8524E5874C42B43FDB96AA8B903 BaseClass: NativeClass:/Script/Engine.TextRenderActor Name:TextRenderActor_0 Label:TextRenderActor SpatiallyLoaded:1 Bounds:IsValid=true, Min=(X=-0.100 Y=6470.000 Z=65.013), Max=(X=-0.100 Y=7595.000 Z=215.013) RuntimeGrid:None EditorOnly:0 RuntimeOnly:0 HLODRelevant:0
 |   |   |- [+] [ 26]
 |   |   |   |- Guid:E5A2E20943D16D944DE200B3F89D7139 BaseClass: NativeClass:/Script/Engine.StaticMeshActor Name:StaticMeshActor_UAID_A4BB6D9AB6F4FCE101_2068955114 Label:Cone SpatiallyLoaded:1 Bounds:IsValid=true, Min=(X=250.000 Y=3590.000 Z=150.000), Max=(X=350.000 Y=3690.000 Z=250.000) RuntimeGrid:None EditorOnly:0 RuntimeOnly:0 HLODRelevant:1
 |   |   |- [+] [ 27]
 |   |   |   |- Guid:0552A0D64EBBCF4755FD45B010D99D40 BaseClass: NativeClass:/Script/Engine.StaticMeshActor Name:StaticMeshActor_44 Label:SM_ChamferCube3 SpatiallyLoaded:1 Bounds:IsValid=true, Min=(X=711.512 Y=8194.945 Z=100.063), Max=(X=848.115 Y=8331.548 Z=200.063) RuntimeGrid:None EditorOnly:0 RuntimeOnly:0 HLODRelevant:0
 |   |   |- [+] [ 28]
 |   |   |   |- Guid:237C211A4F2E211C523749AF603CE101 BaseClass: NativeClass:/Script/Engine.StaticMeshActor Name:StaticMeshActor_UAID_04D9F5833B0D97E301_1580155448 Label:GOOD_shape_Cone SpatiallyLoaded:1 Bounds:IsValid=true, Min=(X=1370.000 Y=3310.000 Z=0.000), Max=(X=1470.000 Y=3410.000 Z=200.000) RuntimeGrid:None EditorOnly:0 RuntimeOnly:0 HLODRelevant:1
 |   |   |- [+] [ 29]
 |   |   |   |- Guid:846035C0499AAA51ADA667827F0837F0 BaseClass: NativeClass:/Script/Engine.StaticMeshActor Name:StaticMeshActor_22 Label:SM_Cube5 SpatiallyLoaded:1 Bounds:IsValid=true, Min=(X=-0.000 Y=5470.000 Z=0.000), Max=(X=100.000 Y=8770.000 Z=400.000) RuntimeGrid:None EditorOnly:0 RuntimeOnly:0 HLODRelevant:1 FolderPath:Playground FolderGuid:9FE5E8B349AF71F05F2688921F3F2AC5
 |   |   |- [+] [ 30]
 |   |   |   |- Guid:F5B7D35948AEB6FAE2E7E5A1FA352CA6 BaseClass: NativeClass:/Script/Engine.StaticMeshActor Name:StaticMeshActor_18 Label:SM_Cube2 SpatiallyLoaded:1 Bounds:IsValid=true, Min=(X=0.000 Y=5370.000 Z=0.000), Max=(X=3000.000 Y=5470.000 Z=400.000) RuntimeGrid:None EditorOnly:0 RuntimeOnly:0 HLODRelevant:1 FolderPath:Playground FolderGuid:9FE5E8B349AF71F05F2688921F3F2AC5
 |   |   |- [+] [ 31]
 |   |   |   |- Guid:41324D694CAF4D4347D7418705A70618 BaseClass: NativeClass:/Script/Engine.StaticMeshActor Name:StaticMeshActor_23 Label:SM_Cube6 SpatiallyLoaded:1 Bounds:IsValid=true, Min=(X=3160.000 Y=-50.000 Z=0.000), Max=(X=3260.000 Y=1850.000 Z=800.000) RuntimeGrid:None EditorOnly:0 RuntimeOnly:0 HLODRelevant:1 FolderPath:Playground FolderGuid:9FE5E8B349AF71F05F2688921F3F2AC5
 |   |   |- [+] [ 32]
 |   |   |   |- Guid:317F70D548B8DB455F50F0A9F9892013 BaseClass: NativeClass:/Script/Engine.StaticMeshActor Name:StaticMeshActor_UAID_507C6F563F88D7E401_1805264770 Label:EVIL_shape2 SpatiallyLoaded:1 Bounds:IsValid=true, Min=(X=790.000 Y=3436.699 Z=0.000), Max=(X=890.000 Y=3523.301 Z=200.000) RuntimeGrid:None EditorOnly:0 RuntimeOnly:0 HLODRelevant:1
 |   |   |- [+] [ 33]
 |   |   |   |- Guid:6D210F0C4A0FD99ABA6E4C8A0EBB3A47 BaseClass: NativeClass:/Script/Engine.StaticMeshActor Name:StaticMeshActor_UAID_507C6F563F88D7E401_1822171772 Label:CHAOS_shape3 SpatiallyLoaded:1 Bounds:IsValid=true, Min=(X=630.000 Y=3632.447 Z=0.000), Max=(X=730.000 Y=3727.553 Z=200.000) RuntimeGrid:None EditorOnly:0 RuntimeOnly:0 HLODRelevant:1
 |   |   |- [+] [ 34]
 |   |   |   |- Guid:F1426FB942747D1C0255888FF15F6747 BaseClass: NativeClass:/Script/Engine.StaticMeshActor Name:StaticMeshActor_20 Label:SM_Cube4 SpatiallyLoaded:1 Bounds:IsValid=true, Min=(X=2000.000 Y=5970.000 Z=0.000), Max=(X=2400.000 Y=6370.000 Z=200.000) RuntimeGrid:None EditorOnly:0 RuntimeOnly:0 HLODRelevant:1 FolderPath:Block01 FolderGuid:4C556963462B5D49496AD286A4690C47
 |   |   |- [+] [ 35]
 |   |   |   |- Guid:EAF6C1DC4F37C1267B96F78AB346E701 BaseClass: NativeClass:/Script/Engine.StaticMeshActor Name:StaticMeshActor_1 Label:SM_Cube8 SpatiallyLoaded:1 Bounds:IsValid=true, Min=(X=1900.000 Y=5970.000 Z=0.000), Max=(X=2000.000 Y=6270.000 Z=200.000) RuntimeGrid:None EditorOnly:0 RuntimeOnly:0 HLODRelevant:1 FolderPath:Block01 FolderGuid:4C556963462B5D49496AD286A4690C47
 |   |   |- [+] [ 36]
 |   |   |   |- Guid:664B3D3A4814AF6AED467D891880EFB7 BaseClass: NativeClass:/Script/Engine.StaticMeshActor Name:StaticMeshActor_UAID_A4BB6D9AB6F4FCE101_2010696113 Label:Sphere SpatiallyLoaded:1 Bounds:IsValid=true, Min=(X=310.000 Y=3440.000 Z=100.000), Max=(X=410.000 Y=3540.000 Z=200.000) RuntimeGrid:None EditorOnly:0 RuntimeOnly:0 HLODRelevant:1
 |   |   |- [+] [ 37]
 |   |   |   |- Guid:AD9DD50E469840AD790EF4A9C9568BEE BaseClass: NativeClass:/Script/Engine.StaticMeshActor Name:StaticMeshActor_UAID_04D9F5833B0D99E301_1194282801 Label:EVIL_shape SpatiallyLoaded:1 Bounds:IsValid=true, Min=(X=950.000 Y=3436.699 Z=0.000), Max=(X=1050.000 Y=3523.301 Z=200.000) RuntimeGrid:None EditorOnly:0 RuntimeOnly:0 HLODRelevant:1
 |   |   |- [+] [ 38]
 |   |   |   |- Guid:7660E5A646BEA381E5167DB2E8D57ED4 BaseClass: NativeClass:/Script/Engine.StaticMeshActor Name:StaticMeshActor_29 Label:SM_QuarterCylinder6 SpatiallyLoaded:1 Bounds:IsValid=true, Min=(X=2400.000 Y=6270.000 Z=0.000), Max=(X=2500.000 Y=6370.000 Z=200.000) RuntimeGrid:None EditorOnly:0 RuntimeOnly:0 HLODRelevant:1 FolderPath:Block01 FolderGuid:4C556963462B5D49496AD286A4690C47
 |   |   |- [+] [ 39]
 |   |   |   |- Guid:6A44B0BD49C603D6844CC99EBC608336 BaseClass: NativeClass:/Script/Engine.StaticMeshActor Name:StaticMeshActor_UAID_507C6F563F88D7E401_1822173773 Label:GOOD_shape_Cone3 SpatiallyLoaded:1 Bounds:IsValid=true, Min=(X=630.000 Y=3310.000 Z=0.000), Max=(X=730.000 Y=3410.000 Z=200.000) RuntimeGrid:None EditorOnly:0 RuntimeOnly:0 HLODRelevant:1
 |   |   |- [+] [ 40]
 |   |   |   |- Guid:6C46E907458890CEE47B9BB5990DEE7E BaseClass:/Game/CardStuff/AI_UNITS/BP_AI_MANAGER.BP_AI_MANAGER_C NativeClass:/Script/Engine.Actor Name:BP_AI_MANAGER_C_UAID_04D9F5833B0D5AF801_1585566887 Label:BP_AI_MANAGER SpatiallyLoaded:1 Bounds:IsValid=true, Min=(X=860.000 Y=940.000 Z=300.000), Max=(X=860.000 Y=940.000 Z=300.000) RuntimeGrid:None EditorOnly:0 RuntimeOnly:0 HLODRelevant:0
 |   |   |- [+] [ 41]
 |   |   |   |- Guid:255A827E44AF7DE95ADF9187482AE5BB BaseClass: NativeClass:/Script/Engine.StaticMeshActor Name:StaticMeshActor_65 Label:SM_ChamferCube5 SpatiallyLoaded:1 Bounds:IsValid=true, Min=(X=2419.765 Y=6760.593 Z=0.063), Max=(X=2547.936 Y=6888.765 Z=100.063) RuntimeGrid:None EditorOnly:0 RuntimeOnly:0 HLODRelevant:0
 |   |   |- [+] [ 42]
 |   |   |   |- Guid:C301757D485B48FB287FBBB87397E12A BaseClass: NativeClass:/Script/AIModule.NavLinkProxy Name:NavLinkProxy_3 Label:NavLinkProxy3 SpatiallyLoaded:1 Bounds:IsValid=true, Min=(X=2240.000 Y=6400.000 Z=90.000), Max=(X=2240.000 Y=6400.000 Z=90.000) RuntimeGrid:None EditorOnly:0 RuntimeOnly:0 HLODRelevant:0 FolderPath:Navigation FolderGuid:AE45D61F453CC144CF8289862C276E89
 |   |   |- [+] [ 43]
 |   |   |   |- Guid:9DF3B33A4435F7204C61DBA608EA7A6E BaseClass: NativeClass:/Script/Engine.StaticMeshActor Name:StaticMeshActor_26 Label:SM_Ramp3 SpatiallyLoaded:1 Bounds:IsValid=true, Min=(X=1600.000 Y=5770.000 Z=100.000), Max=(X=1900.000 Y=5970.000 Z=200.000) RuntimeGrid:None EditorOnly:0 RuntimeOnly:0 HLODRelevant:1 FolderPath:Block01 FolderGuid:4C556963462B5D49496AD286A4690C47
 |   |   |- [+] [ 44]
 |   |   |   |- Guid:99D2DD954974CADCB2DA8C85E1A091D3 BaseClass: NativeClass:/Script/Engine.StaticMeshActor Name:StaticMeshActor_59 Label:SM_ChamferCube4 SpatiallyLoaded:1 Bounds:IsValid=true, Min=(X=663.409 Y=8154.238 Z=0.063), Max=(X=804.292 Y=8295.121 Z=100.063) RuntimeGrid:None EditorOnly:0 RuntimeOnly:0 HLODRelevant:0
 |   |   |- [+] [ 45]
 |   |   |   |- Guid:8EB61E3A42EA4BDC49F624AF97F81B66 BaseClass: NativeClass:/Script/Engine.StaticMeshActor Name:StaticMeshActor_27 Label:SM_Cube10 SpatiallyLoaded:1 Bounds:IsValid=true, Min=(X=1900.000 Y=5770.000 Z=100.000), Max=(X=2400.000 Y=5970.000 Z=200.000) RuntimeGrid:None EditorOnly:0 RuntimeOnly:0 HLODRelevant:1 FolderPath:Block01 FolderGuid:4C556963462B5D49496AD286A4690C47
 |   |   |- [+] [ 46]
 |   |   |   |- Guid:FC93D89A4B2C7DB0C46C5996D7EC398E BaseClass: NativeClass:/Script/Engine.StaticMeshActor Name:StaticMeshActor_28 Label:SM_QuarterCylinder3 SpatiallyLoaded:1 Bounds:IsValid=true, Min=(X=2400.000 Y=5770.000 Z=0.000), Max=(X=2500.000 Y=5870.000 Z=200.000) RuntimeGrid:None EditorOnly:0 RuntimeOnly:0 HLODRelevant:1 FolderPath:Block01 FolderGuid:4C556963462B5D49496AD286A4690C47
 |   |   |- [+] [ 47]
 |   |   |   |- Guid:1FC156084B25C89334BEC890E82898DB BaseClass: NativeClass:/Script/NavigationSystem.NavMeshBoundsVolume Name:NavMeshBoundsVolume_UAID_04D9F5833B0D7AD501_1831838559 Label:NavMeshBoundsVolume2 SpatiallyLoaded:0 Bounds:IsValid=true, Min=(X=-5070.000 Y=-5125.000 Z=-1560.000), Max=(X=4930.000 Y=5125.000 Z=1540.000) RuntimeGrid:None EditorOnly:0 RuntimeOnly:0 HLODRelevant:0
 |   |   |- [+] [ 48]
 |   |   |   |- Guid:D57F96FC450DEA5A3FD361A086BB151E BaseClass: NativeClass:/Script/Engine.StaticMeshActor Name:StaticMeshActor_UAID_04D9F5833B0D99E301_1209911802 Label:ORDER_shape SpatiallyLoaded:1 Bounds:IsValid=true, Min=(X=964.645 Y=3544.645 Z=0.000), Max=(X=1035.355 Y=3615.355 Z=200.000) RuntimeGrid:None EditorOnly:0 RuntimeOnly:0 HLODRelevant:1
 |   |   |- [+] [ 49]
 |   |   |   |- Guid:72B42D0841A79F37D8B9C5BDC0F767DF BaseClass: NativeClass:/Script/Engine.StaticMeshActor Name:StaticMeshActor_UAID_04D9F5833B0D99E301_1475095803 Label:CHAOS_shape SpatiallyLoaded:1 Bounds:IsValid=true, Min=(X=950.000 Y=3632.447 Z=0.000), Max=(X=1050.000 Y=3727.553 Z=200.000) RuntimeGrid:None EditorOnly:0 RuntimeOnly:0 HLODRelevant:1
 |   |   |- [+] [ 50]
 |   |   |   |- Guid:5FFA21EA428270534520C181205FF960 BaseClass: NativeClass:/Script/Engine.StaticMeshActor Name:StaticMeshActor_17 Label:SM_Cube SpatiallyLoaded:1 Bounds:IsValid=true, Min=(X=0.000 Y=5370.000 Z=-50.000), Max=(X=3000.000 Y=8870.000 Z=0.000) RuntimeGrid:None EditorOnly:0 RuntimeOnly:0 HLODRelevant:1 FolderPath:Playground FolderGuid:9FE5E8B349AF71F05F2688921F3F2AC5
 |   |   |- [+] [ 51]
 |   |   |   |- Guid:A1A0B2A244FDC5507872F38FCA98F170 BaseClass: NativeClass:/Script/Engine.StaticMeshActor Name:StaticMeshActor_40 Label:SM_Cylinder10 SpatiallyLoaded:1 Bounds:IsValid=true, Min=(X=2200.000 Y=1200.000 Z=0.000), Max=(X=2300.000 Y=1300.000 Z=500.000) RuntimeGrid:None EditorOnly:0 RuntimeOnly:0 HLODRelevant:1 FolderPath:Pillars FolderGuid:BB8AF4C246C38D173850E8B115A3DCFE
 |   |   |- [+] [ 52]
 |   |   |   |- Guid:6631BD7642D66C50F0EAD49BB6212B61 BaseClass: NativeClass:/Script/Engine.StaticMeshActor Name:StaticMeshActor_19 Label:SM_Cube3 SpatiallyLoaded:1 Bounds:IsValid=true, Min=(X=0.000 Y=8770.000 Z=0.000), Max=(X=3000.000 Y=8870.000 Z=400.000) RuntimeGrid:None EditorOnly:0 RuntimeOnly:0 HLODRelevant:1 FolderPath:Playground FolderGuid:9FE5E8B349AF71F05F2688921F3F2AC5
 |   |   |- [+] [ 53]
 |   |   |   |- Guid:8F6F9A7146ABC59F5FDEFCBF51650BE9 BaseClass: NativeClass:/Script/Engine.StaticMeshActor Name:StaticMeshActor_UAID_507C6F563F88D7E401_1822168771 Label:ORDER_shape3 SpatiallyLoaded:1 Bounds:IsValid=true, Min=(X=644.645 Y=3544.645 Z=0.000), Max=(X=715.355 Y=3615.355 Z=200.000) RuntimeGrid:None EditorOnly:0 RuntimeOnly:0 HLODRelevant:1
 |   |   |- [+] [ 54]
 |   |   |   |- Guid:2C2F39FB4A5569B0B4FBE2A78B4ADF71 BaseClass: NativeClass:/Script/Engine.StaticMeshActor Name:StaticMeshActor_21 Label:SM_Ramp2 SpatiallyLoaded:1 Bounds:IsValid=true, Min=(X=1400.000 Y=5970.000 Z=0.000), Max=(X=1600.000 Y=6370.000 Z=100.000) RuntimeGrid:None EditorOnly:0 RuntimeOnly:0 HLODRelevant:1 FolderPath:Block01 FolderGuid:4C556963462B5D49496AD286A4690C47
 |   |   |- [+] [ 55]
 |   |   |   |- Guid:185E29D34697F7FF2E08BB964E16CF8F BaseClass: NativeClass:/Script/Engine.StaticMeshActor Name:StaticMeshActor_UAID_04D9F5833B0D67F801_1635265176 Label:SM_Cylinder12 SpatiallyLoaded:1 Bounds:IsValid=true, Min=(X=1400.000 Y=1200.000 Z=0.000), Max=(X=1500.000 Y=1300.000 Z=500.000) RuntimeGrid:None EditorOnly:0 RuntimeOnly:0 HLODRelevant:1 FolderPath:Pillars FolderGuid:BB8AF4C246C38D173850E8B115A3DCFE
 |   |   |- [+] [ 56]
 |   |   |   |- Guid:7B4AD616401C8829B3E115A71A31F954 BaseClass: NativeClass:/Script/Engine.StaticMeshActor Name:StaticMeshActor_UAID_04D9F5833B0D67F801_1703804177 Label:SM_Cylinder16 SpatiallyLoaded:1 Bounds:IsValid=true, Min=(X=1000.000 Y=850.000 Z=0.000), Max=(X=1100.000 Y=950.000 Z=500.000) RuntimeGrid:None EditorOnly:0 RuntimeOnly:0 HLODRelevant:1 FolderPath:Pillars FolderGuid:BB8AF4C246C38D173850E8B115A3DCFE
 |   |   |- [+] [ 57]
 |   |   |   |- Guid:B4101DF742B0039C1A49D4B20545B25B BaseClass: NativeClass:/Script/Engine.StaticMeshActor Name:StaticMeshActor_UAID_04D9F5833B0D67F801_1765870178 Label:Plane SpatiallyLoaded:1 Bounds:IsValid=true, Min=(X=537.500 Y=-37.500 Z=1.000), Max=(X=3162.500 Y=1837.500 Z=1.000) RuntimeGrid:None EditorOnly:0 RuntimeOnly:0 HLODRelevant:1
 |   |   |- [+] [ 58]
 |   |   |   |- Guid:61944C9D4F93606F72C5E781476778CE BaseClass: NativeClass:/Script/Engine.StaticMeshActor Name:StaticMeshActor_UAID_04D9F5833B0D68F801_1276900355 Label:SM_Cube11 SpatiallyLoaded:1 Bounds:IsValid=true, Min=(X=535.000 Y=-2965.000 Z=0.000), Max=(X=3260.000 Y=-40.000 Z=800.000) RuntimeGrid:None EditorOnly:0 RuntimeOnly:0 HLODRelevant:1 FolderPath:Playground FolderGuid:9FE5E8B349AF71F05F2688921F3F2AC5
 |   |   |- [+] [ 59]
 |   |   |   |- Guid:2DDB686B4A6F9C340ECBCDB1E19A7507 BaseClass: NativeClass:/Script/Engine.StaticMeshActor Name:StaticMeshActor_UAID_04D9F5833B0D68F801_1309159356 Label:SM_Cube12 SpatiallyLoaded:1 Bounds:IsValid=true, Min=(X=535.000 Y=1840.000 Z=0.000), Max=(X=3260.000 Y=3940.000 Z=800.000) RuntimeGrid:None EditorOnly:0 RuntimeOnly:0 HLODRelevant:1 FolderPath:Playground FolderGuid:9FE5E8B349AF71F05F2688921F3F2AC5
 |   |   |- [+] [ 60]
 |   |   |   |- Guid:98E41BF04091DC610E1FB58E19E11458 BaseClass: NativeClass:/Script/Engine.StaticMeshActor Name:StaticMeshActor_UAID_04D9F5833B0D68F801_1493551357 Label:SM_Cube13 SpatiallyLoaded:1 Bounds:IsValid=true, Min=(X=530.000 Y=-1540.000 Z=0.000), Max=(X=630.000 Y=-40.000 Z=800.000) RuntimeGrid:None EditorOnly:0 RuntimeOnly:0 HLODRelevant:1 FolderPath:Playground FolderGuid:9FE5E8B349AF71F05F2688921F3F2AC5
 |   |   |- [+] [ 61]
 |   |   |   |- Guid:08D5049442BBF758056F78A931BFF1C7 BaseClass: NativeClass:/Script/Engine.StaticMeshActor Name:StaticMeshActor_UAID_04D9F5833B0D68F801_1565028359 Label:SM_Cube14 SpatiallyLoaded:1 Bounds:IsValid=true, Min=(X=540.000 Y=1840.000 Z=0.000), Max=(X=640.000 Y=3340.000 Z=800.000) RuntimeGrid:None EditorOnly:0 RuntimeOnly:0 HLODRelevant:1 FolderPath:Playground FolderGuid:9FE5E8B349AF71F05F2688921F3F2AC5
 |   |   |- [+] [ 62]
 |   |   |   |- Guid:E0AC241D4F3F8DB70441D1A4CC6B32C8 BaseClass: NativeClass:/Script/Engine.StaticMeshActor Name:StaticMeshActor_UAID_04D9F5833B0D68F801_1685523360 Label:SM_Cube15 SpatiallyLoaded:1 Bounds:IsValid=true, Min=(X=-2095.000 Y=-2890.000 Z=0.000), Max=(X=630.000 Y=-1540.000 Z=800.000) RuntimeGrid:None EditorOnly:0 RuntimeOnly:0 HLODRelevant:1 FolderPath:Playground FolderGuid:9FE5E8B349AF71F05F2688921F3F2AC5
 |   |   |- [+] [ 63]
 |   |   |   |- Guid:BEA97F254CDE2CC30F1C25A9B601616A BaseClass: NativeClass:/Script/Engine.StaticMeshActor Name:StaticMeshActor_UAID_04D9F5833B0D68F801_1743448361 Label:SM_Cube16 SpatiallyLoaded:1 Bounds:IsValid=true, Min=(X=-2085.000 Y=3340.000 Z=0.000), Max=(X=640.000 Y=3440.000 Z=800.000) RuntimeGrid:None EditorOnly:0 RuntimeOnly:0 HLODRelevant:1 FolderPath:Playground FolderGuid:9FE5E8B349AF71F05F2688921F3F2AC5
 |   |   |- [+] [ 64]
 |   |   |   |- Guid:6A0DD1814A98B093CFD4F38D5EA18F74 BaseClass: NativeClass:/Script/Engine.StaticMeshActor Name:StaticMeshActor_UAID_04D9F5833B0D68F801_1797986362 Label:SM_Cube17 SpatiallyLoaded:1 Bounds:IsValid=true, Min=(X=-3175.000 Y=-1640.000 Z=0.000), Max=(X=-2000.000 Y=3435.000 Z=800.000) RuntimeGrid:None EditorOnly:0 RuntimeOnly:0 HLODRelevant:1 FolderPath:Playground FolderGuid:9FE5E8B349AF71F05F2688921F3F2AC5
 |- ContainerInstances:
 |- [+] MainContainer:
 |   |-        ID: 0x0000000000000000
 |   |-    Bounds: IsValid=false, Min=(X=0.000 Y=0.000 Z=0.000), Max=(X=0.000 Y=0.000 Z=0.000)
 |   |- Transform: 0.000000,0.000000,0.000000|0.000000,0.000000,-0.000000|1.000000,1.000000,1.000000
 |   |- Container: /Game/TopDown/Maps/DeckBuilding_Level
----------------------------------------------------------------------------------------------------------------
DeckBuilding_Level - Persistent Level
----------------------------------------------------------------------------------------------------------------
Always loaded Actor Count: 74 

----------------------------------------------------------------------------------------------------------------
DeckBuilding_Level - Runtime Spatial Hash - Streaming Grid - MainGrid
----------------------------------------------------------------------------------------------------------------
            Origin: X=0.000 Y=0.000 Z=0.000
         Cell Size: 12800
      World Bounds: IsValid=false, Min=(X=0.000 Y=0.000 Z=0.000), Max=(X=0.000 Y=0.000 Z=0.000)
     Loading Range: 25600.00
Block Slow Loading: No
 ClientOnlyVisible: No

[+] Grid Levels: 1
 |- Level  0: Cell Count    0 | Cell Size   12800 | Actor Count    0 (0.0%)

[+] Content of Grid Level 0

